<?xml version="1.0" encoding="UTF-8"?>
<!-- Generated by org.testng.reporters.JUnitReportReporter -->
<testsuite skipped="0" hostname="QA-Imran" name="com.icreon.statuses.firstLogin" tests="1" failures="0" timestamp="17 May 2018 10:07:09 GMT" time="2.406" errors="0">
  <testcase name="loginPortal" time="2.406" classname="com.icreon.statuses.firstLogin"/>
</testsuite> <!-- com.icreon.statuses.firstLogin -->
