<?xml version="1.0" encoding="UTF-8"?>
<!-- Generated by org.testng.reporters.JUnitReportReporter -->
<testsuite skipped="0" hostname="QA-Imran" name="com.icreon.statuses.userTimelineTest" tests="1" failures="0" timestamp="16 May 2018 04:14:51 GMT" time="0.176" errors="0">
  <testcase name="loginPortal" time="0.176" classname="com.icreon.statuses.userTimelineTest"/>
</testsuite> <!-- com.icreon.statuses.userTimelineTest -->
