<?xml version="1.0" encoding="UTF-8"?>
<!-- Generated by org.testng.reporters.JUnitReportReporter -->
<testsuite skipped="0" hostname="QA-Imran" name="com.icreon.account.firstLoginTest" tests="1" failures="0" timestamp="17 May 2018 12:27:44 GMT" time="2.281" errors="0">
  <testcase name="loginPortal" time="2.281" classname="com.icreon.account.firstLoginTest"/>
</testsuite> <!-- com.icreon.account.firstLoginTest -->
