<?xml version="1.0" encoding="UTF-8"?>
<!-- Generated by org.testng.reporters.JUnitReportReporter -->
<testsuite skipped="0" hostname="QA-Imran" name="com.icreon.customer.MileagePlusRewardNumberTest" tests="2" failures="0" timestamp="05 Jun 2018 11:15:20 GMT" time="3.610" errors="0">
  <testcase name="TC_001_MileageNumberAlreadyExist" time="3.121" classname="com.icreon.customer.MileagePlusRewardNumberTest"/>
  <testcase name="TC_002_MileageNumberNotValid" time="0.489" classname="com.icreon.customer.MileagePlusRewardNumberTest"/>
</testsuite> <!-- com.icreon.customer.MileagePlusRewardNumberTest -->
