<?xml version="1.0" encoding="UTF-8"?>
<!-- Generated by org.testng.reporters.JUnitReportReporter -->
<testsuite skipped="0" hostname="QA-Imran" name="com.icreon.account.firstLoginTest" tests="1" failures="0" timestamp="03 Aug 2018 08:31:15 GMT" time="6.489" errors="0">
  <testcase name="loginPortal" time="6.489" classname="com.icreon.account.firstLoginTest"/>
</testsuite> <!-- com.icreon.account.firstLoginTest -->
