<?xml version="1.0" encoding="UTF-8"?>
<!-- Generated by org.testng.reporters.JUnitReportReporter -->
<testsuite skipped="0" hostname="QA-Imran" name="com.icreon.customer.kidTest" tests="1" failures="0" timestamp="03 Aug 2018 08:31:15 GMT" time="1.337" errors="0">
  <testcase name="TC_001_SavingANewKid" time="1.337" classname="com.icreon.customer.kidTest"/>
</testsuite> <!-- com.icreon.customer.kidTest -->
